10-27-2016 00:03:25.052,-,API," ,0013A20040F4B037,ZIGBEE TH Reg,405E,COM3 - 9600/8/N/1/N,0"

10-26-2016 23:55:01.322,0,SENT,7E001611190013A20040F4B037FFFE00000032000000001900BD
10-26-2016 23:55:01.500,1,RECV,7E0062910013A20040F4B037000000008032000001190050000F00000300000000030000000003000000000300000000030000000003000000000300000000030000000003000000000300000000030000000003000000000300000000030000000003000046
10-26-2016 23:55:01.502,2,RECV,7E00078B19000000230038
10-26-2016 23:55:01.503,3,SENT,7E001611190013A20040F4B037FFFE0000003200000000190FAE
10-26-2016 23:55:01.660,4,RECV,7E0062910013A20040F4B0370000000080320000011900500F0F00000300000000030000000003000000000300000000030000000003000000000300000000030000000003000000000300000000030000000003000000000300000000030000000003000037
10-26-2016 23:55:01.660,5,RECV,7E00078B19000000230038
10-26-2016 23:55:01.660,6,SENT,7E001611190013A20040F4B037FFFE0000003200000000191E9F
10-26-2016 23:55:01.820,7,RECV,7E0062910013A20040F4B0370000000080320000011900501E0F00000300000000030000000003000000000300000000030000000003000000000300000000030000000003000000000300000000030000000003000000000300000000030000000003000028
10-26-2016 23:55:01.824,8,RECV,7E00078B19000000230038
10-26-2016 23:55:01.824,9,SENT,7E001611190013A20040F4B037FFFE0000003200000000192D90
10-26-2016 23:55:02.000,10,RECV,7E0062910013A20040F4B0370000000080320000011900502D0F00000300000000030000000003000000000300000000030000000003000000000300000000030000000003000000000300000000030000000003000000000300000000030000000003000019
10-26-2016 23:55:02.000,11,RECV,7E00078B19000000230038
10-26-2016 23:55:02.001,12,SENT,7E001611190013A20040F4B037FFFE0000003200000000193C81
10-26-2016 23:55:02.180,13,RECV,7E0062910013A20040F4B0370000000080320000011900503C0F0000030000000003000000000300000000030000000003000000000300000000030000000003000000000300000000030000000003000000000300000000030000000003000000000300000A
10-26-2016 23:55:02.180,14,RECV,7E00078B19000000230038
10-26-2016 23:55:02.180,15,SENT,7E001611190013A20040F4B037FFFE0000003200000000194B72
10-26-2016 23:55:02.300,16,RECV,7E0030910013A20040F4B0370000000080320000011900504B050000030000000003000000000300000000030000000003000023
10-26-2016 23:55:02.336,17,RECV,7E00078B19000000230038
10-26-2016 23:55:02.423,18,SENT,7E0016111A0013A20040F4B037FFFE00000031000000001A00BC
10-26-2016 23:55:02.500,19,RECV,7E0017910013A20040F4B0370000000080310000011A00000000D2
10-26-2016 23:55:02.501,20,SENT,7E0016111A0013A20040F4B037FFFE00000031000000001A00BC
10-26-2016 23:55:02.510,21,RECV,7E00078B1A000000230037
10-26-2016 23:55:02.610,22,RECV,7E0017910013A20040F4B0370000000080310000011A00000000D2
10-26-2016 23:55:02.610,23,RECV,7E00078B1A000000230037
10-26-2016 23:55:02.610,24,SENT,7E0016111A0013A20040F4B037FFFE00000031000000001A00BC
10-26-2016 23:55:02.690,25,RECV,7E0017910013A20040F4B0370000000080310000011A00000000D2
10-26-2016 23:55:02.690,26,SENT,7E0016111A0013A20040F4B037FFFE00000031000000001A00BC
10-26-2016 23:55:02.700,27,RECV,7E00078B1A000000230037
10-26-2016 23:55:02.770,28,RECV,7E0017910013A20040F4B0370000000080310000011A00000000D2
10-26-2016 23:55:02.770,29,SENT,7E0016111A0013A20040F4B037FFFE00000031000000001A00BC
10-26-2016 23:55:02.780,30,RECV,7E00078B1A000000230037
10-26-2016 23:55:02.850,31,RECV,7E0017910013A20040F4B0370000000080310000011A00000000D2
10-26-2016 23:55:02.850,32,SENT,7E0016111A0013A20040F4B037FFFE00000031000000001A00BC
10-26-2016 23:55:02.860,33,RECV,7E00078B1A000000230037
10-26-2016 23:55:02.930,34,RECV,7E0017910013A20040F4B0370000000080310000011A00000000D2
10-26-2016 23:55:02.930,35,SENT,7E0016111A0013A20040F4B037FFFE00000031000000001A00BC
10-26-2016 23:55:02.940,36,RECV,7E00078B1A000000230037
10-26-2016 23:55:03.010,37,RECV,7E0017910013A20040F4B0370000000080310000011A00000000D2
10-26-2016 23:55:03.010,38,SENT,7E0016111A0013A20040F4B037FFFE00000031000000001A00BC
10-26-2016 23:55:03.020,39,RECV,7E00078B1A000000230037
10-26-2016 23:55:03.090,40,SENT,7E0016111A0013A20040F4B037FFFE00000031000000001A00BC
10-26-2016 23:55:03.090,41,RECV,7E0017910013A20040F4B0370000000080310000011A00000000D2
10-26-2016 23:55:03.100,42,RECV,7E00078B1A000000230037
10-26-2016 23:55:03.170,43,RECV,7E0017910013A20040F4B0370000000080310000011A00000000D2
10-26-2016 23:55:03.170,44,SENT,7E0016111A0013A20040F4B037FFFE00000031000000001A00BC
10-26-2016 23:55:03.180,45,RECV,7E00078B1A000000230037
10-26-2016 23:55:03.250,46,RECV,7E0017910013A20040F4B0370000000080310000011A00000000D2
10-26-2016 23:55:03.250,47,SENT,7E0016111A0013A20040F4B037FFFE00000031000000001A00BC
10-26-2016 23:55:03.260,48,RECV,7E00078B1A000000230037
10-26-2016 23:55:03.330,49,RECV,7E0017910013A20040F4B0370000000080310000011A00000000D2
10-26-2016 23:55:03.330,50,SENT,7E0016111A0013A20040F4B037FFFE00000031000000001A00BC
10-26-2016 23:55:03.340,51,RECV,7E00078B1A000000230037
10-26-2016 23:55:03.410,52,RECV,7E0017910013A20040F4B0370000000080310000011A00000000D2
10-26-2016 23:55:03.410,53,SENT,7E0016111A0013A20040F4B037FFFE00000031000000001A00BC
10-26-2016 23:55:03.420,54,RECV,7E00078B1A000000230037
10-26-2016 23:55:03.490,55,RECV,7E0017910013A20040F4B0370000000080310000011A00000000D2
10-26-2016 23:55:03.490,56,SENT,7E0016111A0013A20040F4B037FFFE00000031000000001A00BC
10-26-2016 23:55:03.500,57,RECV,7E00078B1A000000230037
10-26-2016 23:55:03.570,58,RECV,7E0017910013A20040F4B0370000000080310000011A00000000D2
10-26-2016 23:55:03.570,59,SENT,7E0016111A0013A20040F4B037FFFE00000031000000001A00BC
10-26-2016 23:55:03.580,60,RECV,7E00078B1A000000230037
10-26-2016 23:55:03.650,61,RECV,7E0017910013A20040F4B0370000000080310000011A00000000D2
10-26-2016 23:55:03.650,62,SENT,7E0016111A0013A20040F4B037FFFE00000031000000001A00BC
10-26-2016 23:55:03.660,63,RECV,7E00078B1A000000230037
10-26-2016 23:55:03.730,64,RECV,7E0017910013A20040F4B0370000000080310000011A00000000D2
10-26-2016 23:55:03.730,65,SENT,7E0016111A0013A20040F4B037FFFE00000031000000001A00BC
10-26-2016 23:55:03.740,66,RECV,7E00078B1A000000230037
10-26-2016 23:55:03.850,67,RECV,7E0017910013A20040F4B0370000000080310000011A00000000D2
10-26-2016 23:55:03.850,68,SENT,7E0016111A0013A20040F4B037FFFE00000031000000001A00BC
10-26-2016 23:55:03.853,69,RECV,7E00078B1A000000230037
10-26-2016 23:55:03.920,70,RECV,7E0017910013A20040F4B0370000000080310000011A00000000D2
10-26-2016 23:55:03.920,71,SENT,7E0016111A0013A20040F4B037FFFE00000031000000001A00BC
10-26-2016 23:55:03.930,72,RECV,7E00078B1A000000230037
10-26-2016 23:55:04.000,73,RECV,7E0017910013A20040F4B0370000000080310000011A00000000D2
10-26-2016 23:55:04.000,74,SENT,7E0016111A0013A20040F4B037FFFE00000031000000001A00BC
10-26-2016 23:55:04.007,75,RECV,7E00078B1A000000230037
10-26-2016 23:55:04.110,76,RECV,7E0017910013A20040F4B0370000000080310000011A00000000D2
10-26-2016 23:55:04.110,77,RECV,7E00078B1A000000230037
10-26-2016 23:55:04.110,78,SENT,7E0016111A0013A20040F4B037FFFE00000031000000001A00BC
10-26-2016 23:55:04.200,79,RECV,7E0017910013A20040F4B0370000000080310000011A00000000D2
10-26-2016 23:55:04.200,80,SENT,7E0016111A0013A20040F4B037FFFE00000031000000001A00BC
10-26-2016 23:55:04.200,81,RECV,7E00078B1A000000230037
10-26-2016 23:55:04.270,82,RECV,7E0017910013A20040F4B0370000000080310000011A00000000D2
10-26-2016 23:55:04.270,83,SENT,7E0016111A0013A20040F4B037FFFE00000031000000001A00BC
10-26-2016 23:55:04.290,84,RECV,7E00078B1A000000230037
10-26-2016 23:55:04.350,85,RECV,7E0017910013A20040F4B0370000000080310000011A00000000D2
10-26-2016 23:55:04.350,86,RECV,7E00078B1A000000230037
10-26-2016 23:55:04.350,87,SENT,7E0016111A0013A20040F4B037FFFE00000031000000001A00BC
10-26-2016 23:55:04.460,88,RECV,7E0017910013A20040F4B0370000000080310000011A00000000D2
10-26-2016 23:55:04.460,89,RECV,7E00078B1A000000230037
10-26-2016 23:55:04.460,90,SENT,7E0016111A0013A20040F4B037FFFE00000031000000001A00BC
10-26-2016 23:55:04.550,91,RECV,7E0017910013A20040F4B0370000000080310000011A00000000D2
10-26-2016 23:55:04.550,92,RECV,7E00078B1A000000230037
10-26-2016 23:55:04.550,93,SENT,7E0016111A0013A20040F4B037FFFE00000031000000001A00BC
10-26-2016 23:55:04.620,94,RECV,7E0017910013A20040F4B0370000000080310000011A00000000D2
10-26-2016 23:55:04.620,95,SENT,7E0016111A0013A20040F4B037FFFE00000031000000001A00BC
10-26-2016 23:55:04.640,96,RECV,7E00078B1A000000230037
10-26-2016 23:55:04.700,97,RECV,7E0017910013A20040F4B0370000000080310000011A00000000D2
10-26-2016 23:55:04.700,98,SENT,7E0016111A0013A20040F4B037FFFE00000031000000001A00BC
10-26-2016 23:55:04.700,99,RECV,7E00078B1A000000230037
10-26-2016 23:55:04.770,100,RECV,7E0017910013A20040F4B0370000000080310000011A00000000D2
10-26-2016 23:55:04.770,101,SENT,7E0016111A0013A20040F4B037FFFE00000031000000001A00BC
10-26-2016 23:55:04.780,102,RECV,7E00078B1A000000230037
10-26-2016 23:55:04.850,103,RECV,7E0017910013A20040F4B0370000000080310000011A00000000D2
10-26-2016 23:55:04.850,104,RECV,7E00078B1A000000230037
10-26-2016 23:55:04.850,105,SENT,7E0016111A0013A20040F4B037FFFE00000031000000001A00BC
10-26-2016 23:55:04.960,106,RECV,7E0017910013A20040F4B0370000000080310000011A00000000D2
10-26-2016 23:55:04.960,107,RECV,7E00078B1A000000230037
10-26-2016 23:55:04.960,108,SENT,7E0016111A0013A20040F4B037FFFE00000031000000001A00BC
10-26-2016 23:55:05.051,109,RECV,7E0017910013A20040F4B0370000000080310000011A00000000D2
10-26-2016 23:55:05.051,110,RECV,7E00078B1A000000230037
10-26-2016 23:55:05.051,111,SENT,7E0016111A0013A20040F4B037FFFE00000031000000001A00BC
10-26-2016 23:55:05.120,112,RECV,7E0017910013A20040F4B0370000000080310000011A00000000D2
10-26-2016 23:55:05.120,113,SENT,7E0016111A0013A20040F4B037FFFE00000031000000001A00BC
10-26-2016 23:55:05.130,114,RECV,7E00078B1A000000230037
10-26-2016 23:55:05.200,115,RECV,7E0017910013A20040F4B0370000000080310000011A00000000D2
10-26-2016 23:55:05.200,116,RECV,7E00078B1A000000230037
10-26-2016 23:55:05.200,117,SENT,7E0016111A0013A20040F4B037FFFE00000031000000001A00BC
10-26-2016 23:55:05.310,118,RECV,7E0017910013A20040F4B0370000000080310000011A00000000D2
10-26-2016 23:55:05.310,119,SENT,7E0016111A0013A20040F4B037FFFE00000031000000001A00BC
10-26-2016 23:55:05.310,120,RECV,7E00078B1A000000230037
10-26-2016 23:55:05.400,121,RECV,7E0017910013A20040F4B0370000000080310000011A00000000D2
10-26-2016 23:55:05.400,122,RECV,7E00078B1A000000230037
10-26-2016 23:55:05.400,123,SENT,7E0016111A0013A20040F4B037FFFE00000031000000001A00BC
10-26-2016 23:55:05.510,124,RECV,7E0017910013A20040F4B0370000000080310000011A00000000D2
10-26-2016 23:55:05.510,125,SENT,7E0016111A0013A20040F4B037FFFE00000031000000001A00BC
10-26-2016 23:55:05.521,126,RECV,7E00078B1A000000230037
10-26-2016 23:55:05.620,127,RECV,7E0017910013A20040F4B0370000000080310000011A00000000D2
10-26-2016 23:55:05.620,128,RECV,7E00078B1A000000230037
10-26-2016 23:55:05.620,129,SENT,7E0016111A0013A20040F4B037FFFE00000031000000001A00BC
10-26-2016 23:55:05.700,130,RECV,7E0017910013A20040F4B0370000000080310000011A00000000D2
10-26-2016 23:55:05.700,131,SENT,7E0016111A0013A20040F4B037FFFE00000031000000001A00BC
10-26-2016 23:55:05.710,132,RECV,7E00078B1A000000230037
10-26-2016 23:55:05.780,133,RECV,7E0017910013A20040F4B0370000000080310000011A00000000D2
10-26-2016 23:55:05.780,134,SENT,7E0016111A0013A20040F4B037FFFE00000031000000001A00BC
10-26-2016 23:55:05.790,135,RECV,7E00078B1A000000230037
10-26-2016 23:55:05.860,136,RECV,7E0017910013A20040F4B0370000000080310000011A00000000D2
10-26-2016 23:55:05.860,137,SENT,7E0016111A0013A20040F4B037FFFE00000031000000001A00BC
10-26-2016 23:55:05.870,138,RECV,7E00078B1A000000230037
10-26-2016 23:55:05.940,139,RECV,7E0017910013A20040F4B0370000000080310000011A00000000D2
10-26-2016 23:55:05.940,140,SENT,7E0016111A0013A20040F4B037FFFE00000031000000001A00BC
10-26-2016 23:55:05.950,141,RECV,7E00078B1A000000230037
10-26-2016 23:55:06.020,142,RECV,7E0017910013A20040F4B0370000000080310000011A00000000D2
10-26-2016 23:55:06.020,143,SENT,7E0016111A0013A20040F4B037FFFE00000031000000001A00BC
10-26-2016 23:55:06.030,144,RECV,7E00078B1A000000230037
10-26-2016 23:55:06.100,145,RECV,7E0017910013A20040F4B0370000000080310000011A00000000D2
10-26-2016 23:55:06.100,146,SENT,7E0016111A0013A20040F4B037FFFE00000031000000001A00BC
10-26-2016 23:55:06.110,147,RECV,7E00078B1A000000230037
10-26-2016 23:55:06.180,148,RECV,7E0017910013A20040F4B0370000000080310000011A00000000D2
10-26-2016 23:55:06.180,149,SENT,7E0016111A0013A20040F4B037FFFE00000031000000001A00BC
10-26-2016 23:55:06.190,150,RECV,7E00078B1A000000230037
10-26-2016 23:55:06.260,151,RECV,7E0017910013A20040F4B0370000000080310000011A00000000D2
10-26-2016 23:55:06.260,152,SENT,7E0016111A0013A20040F4B037FFFE00000031000000001A00BC
10-26-2016 23:55:06.270,153,RECV,7E00078B1A000000230037
10-26-2016 23:55:06.340,154,RECV,7E0017910013A20040F4B0370000000080310000011A00000000D2
10-26-2016 23:55:06.340,155,SENT,7E0016111A0013A20040F4B037FFFE00000031000000001A00BC
10-26-2016 23:55:06.350,156,RECV,7E00078B1A000000230037
10-26-2016 23:55:06.420,157,RECV,7E0017910013A20040F4B0370000000080310000011A00000000D2
10-26-2016 23:55:06.420,158,SENT,7E0016111A0013A20040F4B037FFFE00000031000000001A00BC
10-26-2016 23:55:06.430,159,RECV,7E00078B1A000000230037
10-26-2016 23:55:06.500,160,RECV,7E0017910013A20040F4B0370000000080310000011A00000000D2
10-26-2016 23:55:06.500,161,SENT,7E0016111A0013A20040F4B037FFFE00000031000000001A00BC
10-26-2016 23:55:06.510,162,RECV,7E00078B1A000000230037
10-26-2016 23:55:06.580,163,RECV,7E0017910013A20040F4B0370000000080310000011A00000000D2
10-26-2016 23:55:06.580,164,SENT,7E0016111A0013A20040F4B037FFFE00000031000000001A00BC
10-26-2016 23:55:06.590,165,RECV,7E00078B1A000000230037
10-26-2016 23:55:06.660,166,RECV,7E0017910013A20040F4B0370000000080310000011A00000000D2
10-26-2016 23:55:06.660,167,SENT,7E0016111A0013A20040F4B037FFFE00000031000000001A00BC
10-26-2016 23:55:06.670,168,RECV,7E00078B1A000000230037
10-26-2016 23:55:06.740,169,RECV,7E0017910013A20040F4B0370000000080310000011A00000000D2
10-26-2016 23:55:06.740,170,SENT,7E0016111A0013A20040F4B037FFFE00000031000000001A00BC
10-26-2016 23:55:06.750,171,RECV,7E00078B1A000000230037
10-26-2016 23:55:06.850,172,RECV,7E0017910013A20040F4B0370000000080310000011A00000000D2
10-26-2016 23:55:06.850,173,SENT,7E0016111A0013A20040F4B037FFFE00000031000000001A00BC
10-26-2016 23:55:06.927,174,RECV,7E00078B1A000000230037
10-26-2016 23:55:07.465,175,RECV,7E0017910013A20040F4B0370000000080310000011A00000000D2
10-26-2016 23:55:07.465,176,SENT,7E0016111A0013A20040F4B037FFFE00000031000000001A00BC
10-26-2016 23:55:07.631,177,RECV,7E00078B1A000000230037
10-26-2016 23:55:07.632,178,RECV,7E0017910013A20040F4B0370000000080310000011A00000000D2
10-26-2016 23:55:07.632,179,SENT,7E0016111A0013A20040F4B037FFFE00000031000000001A00BC
10-26-2016 23:55:07.633,180,RECV,7E00078B1A000000230037
10-26-2016 23:55:07.714,181,RECV,7E0017910013A20040F4B0370000000080310000011A00000000D2
10-26-2016 23:55:07.714,182,RECV,7E00078B1A000000230037
10-26-2016 23:55:07.714,183,SENT,7E0016111A0013A20040F4B037FFFE00000031000000001A00BC
10-26-2016 23:55:07.804,184,RECV,7E0017910013A20040F4B0370000000080310000011A00000000D2
10-26-2016 23:55:07.805,185,SENT,7E0016111A0013A20040F4B037FFFE00000031000000001A00BC
10-26-2016 23:55:07.805,186,RECV,7E00078B1A000000230037
10-26-2016 23:55:07.874,187,RECV,7E0017910013A20040F4B0370000000080310000011A00000000D2
10-26-2016 23:55:07.874,188,SENT,7E0016111A0013A20040F4B037FFFE00000031000000001A00BC
10-26-2016 23:55:07.884,189,RECV,7E00078B1A000000230037
10-26-2016 23:55:07.954,190,RECV,7E0017910013A20040F4B0370000000080310000011A00000000D2
10-26-2016 23:55:07.954,191,SENT,7E0016111A0013A20040F4B037FFFE00000031000000001A00BC
10-26-2016 23:55:07.954,192,RECV,7E00078B1A000000230037
10-26-2016 23:55:08.064,193,RECV,7E0017910013A20040F4B0370000000080310000011A00000000D2
10-26-2016 23:55:08.064,194,RECV,7E00078B1A000000230037
10-26-2016 23:55:08.064,195,SENT,7E0016111A0013A20040F4B037FFFE00000031000000001A00BC
10-26-2016 23:55:08.154,196,RECV,7E0017910013A20040F4B0370000000080310000011A00000000D2
10-26-2016 23:55:08.154,197,SENT,7E0016111A0013A20040F4B037FFFE00000031000000001A00BC
10-26-2016 23:55:08.154,198,RECV,7E00078B1A000000230037
10-26-2016 23:55:08.254,199,RECV,7E0017910013A20040F4B0370000000080310000011A00000000D2
10-26-2016 23:55:08.254,200,RECV,7E00078B1A000000230037
10-26-2016 23:55:08.254,201,SENT,7E0016111A0013A20040F4B037FFFE00000031000000001A00BC
10-26-2016 23:55:08.324,202,RECV,7E0017910013A20040F4B0370000000080310000011A00000000D2
10-26-2016 23:55:08.324,203,SENT,7E0016111A0013A20040F4B037FFFE00000031000000001A00BC
10-26-2016 23:55:08.334,204,RECV,7E00078B1A000000230037
10-26-2016 23:55:08.404,205,RECV,7E0017910013A20040F4B0370000000080310000011A00000000D2
10-26-2016 23:55:08.404,206,RECV,7E00078B1A000000230037
10-26-2016 23:55:08.404,207,SENT,7E0016111A0013A20040F4B037FFFE00000031000000001A00BC
10-26-2016 23:55:08.514,208,RECV,7E0017910013A20040F4B0370000000080310000011A00000000D2
10-26-2016 23:55:08.514,209,SENT,7E0016111A0013A20040F4B037FFFE00000031000000001A00BC
10-26-2016 23:55:08.514,210,RECV,7E00078B1A000000230037
10-26-2016 23:55:08.605,211,RECV,7E0017910013A20040F4B0370000000080310000011A00000000D2
10-26-2016 23:55:08.605,212,RECV,7E00078B1A000000230037
10-26-2016 23:55:08.605,213,SENT,7E0016111A0013A20040F4B037FFFE00000031000000001A00BC
10-26-2016 23:55:08.674,214,RECV,7E0017910013A20040F4B0370000000080310000011A00000000D2
10-26-2016 23:55:08.674,215,SENT,7E0016111A0013A20040F4B037FFFE00000031000000001A00BC
10-26-2016 23:55:08.694,216,RECV,7E00078B1A000000230037
10-26-2016 23:55:08.754,217,RECV,7E0017910013A20040F4B0370000000080310000011A00000000D2
10-26-2016 23:55:08.754,218,RECV,7E00078B1A000000230037
10-26-2016 23:55:08.754,219,SENT,7E0016111A0013A20040F4B037FFFE00000031000000001A00BC
10-26-2016 23:55:08.864,220,RECV,7E0017910013A20040F4B0370000000080310000011A00000000D2
10-26-2016 23:55:08.864,221,RECV,7E00078B1A000000230037
10-26-2016 23:55:08.864,222,SENT,7E0016111A0013A20040F4B037FFFE00000031000000001A00BC
10-26-2016 23:55:08.954,223,RECV,7E0017910013A20040F4B0370000000080310000011A00000000D2
10-26-2016 23:55:08.954,224,RECV,7E00078B1A000000230037
10-26-2016 23:55:08.954,225,SENT,7E0016111A0013A20040F4B037FFFE00000031000000001A00BC
10-26-2016 23:55:09.064,226,RECV,7E0017910013A20040F4B0370000000080310000011A00000000D2
10-26-2016 23:55:09.064,227,RECV,7E00078B1A000000230037
10-26-2016 23:55:09.064,228,SENT,7E0016111A0013A20040F4B037FFFE00000031000000001A00BC
10-26-2016 23:55:09.174,229,RECV,7E0017910013A20040F4B0370000000080310000011A00000000D2
10-26-2016 23:55:09.174,230,SENT,7E0016111A0013A20040F4B037FFFE00000031000000001A00BC
10-26-2016 23:55:09.174,231,RECV,7E00078B1A000000230037
10-26-2016 23:55:09.254,232,RECV,7E0017910013A20040F4B0370000000080310000011A00000000D2
10-26-2016 23:55:09.254,233,SENT,7E0016111A0013A20040F4B037FFFE00000031000000001A00BC
10-26-2016 23:55:09.264,234,RECV,7E00078B1A000000230037
10-26-2016 23:55:09.335,235,RECV,7E0017910013A20040F4B0370000000080310000011A00000000D2
10-26-2016 23:55:09.335,236,SENT,7E0016111A0013A20040F4B037FFFE00000031000000001A00BC
10-26-2016 23:55:09.344,237,RECV,7E00078B1A000000230037
10-26-2016 23:55:09.414,238,RECV,7E0017910013A20040F4B0370000000080310000011A00000000D2
10-26-2016 23:55:09.414,239,SENT,7E0016111A0013A20040F4B037FFFE00000031000000001A00BC
10-26-2016 23:55:09.424,240,RECV,7E00078B1A000000230037
10-26-2016 23:55:09.494,241,RECV,7E0017910013A20040F4B0370000000080310000011A00000000D2
10-26-2016 23:55:09.494,242,SENT,7E0016111A0013A20040F4B037FFFE00000031000000001A00BC
10-26-2016 23:55:09.504,243,RECV,7E00078B1A000000230037
10-26-2016 23:55:09.574,244,RECV,7E0017910013A20040F4B0370000000080310000011A00000000D2
10-26-2016 23:55:09.584,245,RECV,7E00078B1A000000230037
10-26-2016 23:55:09.672,246,SENT,7E00050891414F00D6
10-26-2016 23:55:09.704,247,RECV,7E00058891414F0056
10-26-2016 23:55:14.805,248,SENT,7E000F1792005043C9A33062B1FFFE02523F84
10-26-2016 23:55:16.424,249,RECV,7E000F9792005043C9A33062B1FFFE523F0402
10-26-2016 23:55:16.424,250,SENT,7E000F1793005043C9A33062B1FFFE022543AC
10-26-2016 23:55:18.054,251,RECV,7E000F9793005043C9A33062B1FFFE2543042A
10-26-2016 23:55:18.054,252,SENT,7E000F1794005043C9A33062B1FFFE024D596D
10-26-2016 23:55:19.674,253,RECV,7E000F9794005043C9A33062B1FFFE4D5904EB
10-26-2016 23:55:49.792,254,SENT,7E000F1795005043C9A33062B1FFFE02523F81
10-26-2016 23:55:54.791,255,SENT,7E000F1796005043C9A33062B1FFFE022543A9
10-26-2016 23:55:59.791,256,SENT,7E000F1797005043C9A33062B1FFFE024D596A
10-26-2016 23:56:00.704,257,RECV,7E000F9796005043C9A33062B1FFFE25430427
10-26-2016 23:56:02.304,258,RECV,7E000F9797005043C9A33062B1FFFE4D5904E8
10-26-2016 23:56:02.304,259,SENT,7E000F1798005043C9A33062B1FFFE02523F7E
10-26-2016 23:56:03.954,260,RECV,7E000F9798005043C9A33062B1FFFE523F04FC
10-26-2016 23:56:03.954,261,SENT,7E000F1799005043C9A33062B1FFFE022543A6
10-26-2016 23:56:05.574,262,RECV,7E000F9799005043C9A33062B1FFFE25430424
10-26-2016 23:56:05.574,263,SENT,7E000F179A005043C9A33062B1FFFE024D5967
10-26-2016 23:56:10.574,264,SENT,7E000F179B005043C9A33062B1FFFE02523F7B
10-26-2016 23:56:15.354,265,RECV,7E000F979B005043C9A33062B1FFFE523F04F9
10-26-2016 23:56:15.354,266,SENT,7E000F179C005043C9A33062B1FFFE022543A3
10-26-2016 23:56:16.974,267,RECV,7E000F979C005043C9A33062B1FFFE25430421
10-26-2016 23:56:16.974,268,SENT,7E000F179D005043C9A33062B1FFFE024D5964
10-26-2016 23:56:18.604,269,RECV,7E000F979D005043C9A33062B1FFFE4D5904E2
10-26-2016 23:59:52.286,270,SENT,7E0004089E4E54B7
10-26-2016 23:59:52.321,271,RECV,7E0007889E4E5400003CFB
10-26-2016 23:59:52.372,272,SENT,7E000408104E4455
10-27-2016 00:00:22.019,273,SENT,7E0004089F4F50B9
10-27-2016 00:00:22.076,274,RECV,7E000D889F4F50001A96BEBCC0EF25D566
10-27-2016 00:00:22.080,275,SENT,7E000408A04348CC
10-27-2016 00:00:22.133,276,RECV,7E000688A04348001438
10-27-2016 00:00:22.140,277,SENT,7E000408A1414FC6
10-27-2016 00:00:22.176,278,RECV,7E000688A1414F000046
10-27-2016 00:00:22.176,279,SENT,7E000508A2414F01C4
10-27-2016 00:00:22.226,280,RECV,7E000588A2414F0045
10-27-2016 00:00:22.930,281,SENT,7E0016111B0013A20040F4B037FFFE00000032000000001B00B9
10-27-2016 00:00:23.096,282,RECV,7E0062910013A20040F4B0370000000080320000011B0050000F00000300000000030000000003000000000300000000030000000003000000000300000000030000000003000000000300000000030000000003000000000300000000030000000003000044
10-27-2016 00:00:23.096,283,SENT,7E0016111B0013A20040F4B037FFFE00000032000000001B0FAA
10-27-2016 00:00:23.096,284,RECV,7E00078B1B000010230026
10-27-2016 00:00:23.277,285,RECV,7E0062910013A20040F4B0370000000080320000011B00500F0F00000300000000030000000003000000000300000000030000000003000000000300000000030000000003000000000300000000030000000003000000000300000000030000000003000035
10-27-2016 00:00:23.277,286,RECV,7E00078B1B000000230036
10-27-2016 00:00:23.277,287,SENT,7E0016111B0013A20040F4B037FFFE00000032000000001B1E9B
10-27-2016 00:00:23.446,288,RECV,7E0062910013A20040F4B0370000000080320000011B00501E0F00000300000000030000000003000000000300000000030000000003000000000300000000030000000003000000000300000000030000000003000000000300000000030000000003000026
10-27-2016 00:00:23.446,289,SENT,7E0016111B0013A20040F4B037FFFE00000032000000001B2D8C
10-27-2016 00:00:23.446,290,RECV,7E00078B1B000000230036
10-27-2016 00:00:23.626,291,RECV,7E0062910013A20040F4B0370000000080320000011B00502D0F00000300000000030000000003000000000300000000030000000003000000000300000000030000000003000000000300000000030000000003000000000300000000030000000003000017
10-27-2016 00:00:23.626,292,RECV,7E00078B1B000000230036
10-27-2016 00:00:23.626,293,SENT,7E0016111B0013A20040F4B037FFFE00000032000000001B3C7D
10-27-2016 00:00:23.776,294,RECV,7E0062910013A20040F4B0370000000080320000011B00503C0F00000300000000030000000003000000000300000000030000000003000000000300000000030000000003000000000300000000030000000003000000000300000000030000000003000008
10-27-2016 00:00:23.776,295,SENT,7E0016111B0013A20040F4B037FFFE00000032000000001B4B6E
10-27-2016 00:00:23.796,296,RECV,7E00078B1B000000230036
10-27-2016 00:00:23.896,297,RECV,7E0030910013A20040F4B0370000000080320000011B00504B050000030000000003000000000300000000030000000003000021
10-27-2016 00:00:23.896,298,RECV,7E00078B1B000000230036
10-27-2016 00:00:23.931,299,SENT,7E0016111C0013A20040F4B037FFFE00000031000000001C00B8
10-27-2016 00:00:24.006,300,RECV,7E0017910013A20040F4B0370000000080310000011C00000000D0
10-27-2016 00:00:24.006,301,SENT,7E0016111C0013A20040F4B037FFFE00000031000000001C00B8
10-27-2016 00:00:24.016,302,RECV,7E00078B1C000000230035
10-27-2016 00:00:24.086,303,RECV,7E0017910013A20040F4B0370000000080310000011C00000000D0
10-27-2016 00:00:24.086,304,SENT,7E0016111C0013A20040F4B037FFFE00000031000000001C00B8
10-27-2016 00:00:24.096,305,RECV,7E00078B1C000000230035
10-27-2016 00:00:24.166,306,RECV,7E0017910013A20040F4B0370000000080310000011C00000000D0
10-27-2016 00:00:24.166,307,SENT,7E0016111C0013A20040F4B037FFFE00000031000000001C00B8
10-27-2016 00:00:24.176,308,RECV,7E00078B1C000000230035
10-27-2016 00:00:24.246,309,RECV,7E0017910013A20040F4B0370000000080310000011C00000000D0
10-27-2016 00:00:24.246,310,SENT,7E0016111C0013A20040F4B037FFFE00000031000000001C00B8
10-27-2016 00:00:24.256,311,RECV,7E00078B1C000000230035
10-27-2016 00:00:24.326,312,RECV,7E0017910013A20040F4B0370000000080310000011C00000000D0
10-27-2016 00:00:24.326,313,SENT,7E0016111C0013A20040F4B037FFFE00000031000000001C00B8
10-27-2016 00:00:24.336,314,RECV,7E00078B1C000000230035
10-27-2016 00:00:24.406,315,RECV,7E0017910013A20040F4B0370000000080310000011C00000000D0
10-27-2016 00:00:24.406,316,SENT,7E0016111C0013A20040F4B037FFFE00000031000000001C00B8
10-27-2016 00:00:24.416,317,RECV,7E00078B1C000000230035
10-27-2016 00:00:24.486,318,RECV,7E0017910013A20040F4B0370000000080310000011C00000000D0
10-27-2016 00:00:24.486,319,SENT,7E0016111C0013A20040F4B037FFFE00000031000000001C00B8
10-27-2016 00:00:24.496,320,RECV,7E00078B1C000000230035
10-27-2016 00:00:24.566,321,RECV,7E0017910013A20040F4B0370000000080310000011C00000000D0
10-27-2016 00:00:24.566,322,SENT,7E0016111C0013A20040F4B037FFFE00000031000000001C00B8
10-27-2016 00:00:24.576,323,RECV,7E00078B1C000000230035
10-27-2016 00:00:24.646,324,RECV,7E0017910013A20040F4B0370000000080310000011C00000000D0
10-27-2016 00:00:24.646,325,SENT,7E0016111C0013A20040F4B037FFFE00000031000000001C00B8
10-27-2016 00:00:24.656,326,RECV,7E00078B1C000000230035
10-27-2016 00:00:24.776,327,RECV,7E002D910013A20040F4B0370000000080310000011C00010001D525EFC0BCBE961AB16230A3C9435000456F120001FFF3
10-27-2016 00:00:25.291,328,RECV,7E00078B1C000000230035
10-27-2016 00:00:31.764,329,SENT,7E0016111D0013A20040F4B037FFFE00000032000000001D00B5
10-27-2016 00:00:31.929,330,RECV,7E0062910013A20040F4B0370000000080320000011D0050000F00000300000000030000000003000000000300000000030000000003000000000300000000030000000003000000000300000000030000000003000000000300000000030000000003000042
10-27-2016 00:00:31.929,331,RECV,7E00078B1D000000230034
10-27-2016 00:00:31.929,332,SENT,7E0016111D0013A20040F4B037FFFE00000032000000001D0FA6
10-27-2016 00:00:32.109,333,RECV,7E0062910013A20040F4B0370000000080320000011D00500F0F00000300000000030000000003000000000300000000030000000003000000000300000000030000000003000000000300000000030000000003000000000300000000030000000003000033
10-27-2016 00:00:32.109,334,RECV,7E00078B1D000000230034
10-27-2016 00:00:32.110,335,SENT,7E0016111D0013A20040F4B037FFFE00000032000000001D1E97
10-27-2016 00:00:32.279,336,RECV,7E0062910013A20040F4B0370000000080320000011D00501E0F00000300000000030000000003000000000300000000030000000003000000000300000000030000000003000000000300000000030000000003000000000300000000030000000003000024
10-27-2016 00:00:32.279,337,RECV,7E00078B1D000000230034
10-27-2016 00:00:32.279,338,SENT,7E0016111D0013A20040F4B037FFFE00000032000000001D2D88
10-27-2016 00:00:32.439,339,RECV,7E0062910013A20040F4B0370000000080320000011D00502D0F00000300000000030000000003000000000300000000030000000003000000000300000000030000000003000000000300000000030000000003000000000300000000030000000003000015
10-27-2016 00:00:32.440,340,RECV,7E00078B1D000000230034
10-27-2016 00:00:32.440,341,SENT,7E0016111D0013A20040F4B037FFFE00000032000000001D3C79
10-27-2016 00:00:32.629,342,RECV,7E0062910013A20040F4B0370000000080320000011D00503C0F00000300000000030000000003000000000300000000030000000003000000000300000000030000000003000000000300000000030000000003000000000300000000030000000003000006
10-27-2016 00:00:32.629,343,RECV,7E00078B1D000000230034
10-27-2016 00:00:32.629,344,SENT,7E0016111D0013A20040F4B037FFFE00000032000000001D4B6A
10-27-2016 00:00:32.749,345,RECV,7E0030910013A20040F4B0370000000080320000011D00504B05000003000000000300000000030000000003000000000300001F
10-27-2016 00:00:32.750,346,RECV,7E00078B1D000000230034
10-27-2016 00:00:32.765,347,SENT,7E0016111E0013A20040F4B037FFFE00000031000000001E00B4
10-27-2016 00:00:32.839,348,RECV,7E0017910013A20040F4B0370000000080310000011E00000000CE
10-27-2016 00:00:32.839,349,SENT,7E0016111E0013A20040F4B037FFFE00000031000000001E00B4
10-27-2016 00:00:32.859,350,RECV,7E00078B1E000000230033
10-27-2016 00:00:32.929,351,RECV,7E0017910013A20040F4B0370000000080310000011E00000000CE
10-27-2016 00:00:32.929,352,RECV,7E00078B1E000000230033
10-27-2016 00:00:32.929,353,SENT,7E0016111E0013A20040F4B037FFFE00000031000000001E00B4
10-27-2016 00:00:32.999,354,RECV,7E0017910013A20040F4B0370000000080310000011E00000000CE
10-27-2016 00:00:32.999,355,SENT,7E0016111E0013A20040F4B037FFFE00000031000000001E00B4
10-27-2016 00:00:33.019,356,RECV,7E00078B1E000000230033
10-27-2016 00:00:33.079,357,RECV,7E0017910013A20040F4B0370000000080310000011E00000000CE
10-27-2016 00:00:33.079,358,RECV,7E00078B1E000000230033
10-27-2016 00:00:33.079,359,SENT,7E0016111E0013A20040F4B037FFFE00000031000000001E00B4
10-27-2016 00:00:33.189,360,RECV,7E002D910013A20040F4B0370000000080310000011E00010001D525EFC0BCBE961AB16230A3C9435000D942120001FF8A
10-27-2016 00:00:33.204,361,RECV,7E00078B1E000000230033
10-27-2016 00:00:38.812,362,SENT,7E0016111F0013A20040F4B037FFFE00000032000000001F00B1
10-27-2016 00:00:38.979,363,RECV,7E0062910013A20040F4B0370000000080320000011F0050000F00000300000000030000000003000000000300000000030000000003000000000300000000030000000003000000000300000000030000000003000000000300000000030000000003000040
10-27-2016 00:00:38.979,364,RECV,7E00078B1F000000230032
10-27-2016 00:00:38.979,365,SENT,7E0016111F0013A20040F4B037FFFE00000032000000001F0FA2
10-27-2016 00:00:39.149,366,RECV,7E0062910013A20040F4B0370000000080320000011F00500F0F00000300000000030000000003000000000300000000030000000003000000000300000000030000000003000000000300000000030000000003000000000300000000030000000003000031
10-27-2016 00:00:39.149,367,RECV,7E00078B1F000000230032
10-27-2016 00:00:39.149,368,SENT,7E0016111F0013A20040F4B037FFFE00000032000000001F1E93
10-27-2016 00:00:39.329,369,RECV,7E0062910013A20040F4B0370000000080320000011F00501E0F00000300000000030000000003000000000300000000030000000003000000000300000000030000000003000000000300000000030000000003000000000300000000030000000003000022
10-27-2016 00:00:39.329,370,RECV,7E00078B1F000000230032
10-27-2016 00:00:39.329,371,SENT,7E0016111F0013A20040F4B037FFFE00000032000000001F2D84
10-27-2016 00:00:39.489,372,RECV,7E0062910013A20040F4B0370000000080320000011F00502D0F00000300000000030000000003000000000300000000030000000003000000000300000000030000000003000000000300000000030000000003000000000300000000030000000003000013
10-27-2016 00:00:39.489,373,SENT,7E0016111F0013A20040F4B037FFFE00000032000000001F3C75
10-27-2016 00:00:39.499,374,RECV,7E00078B1F000000230032
10-27-2016 00:00:39.649,375,RECV,7E0062910013A20040F4B0370000000080320000011F00503C0F00000300000000030000000003000000000300000000030000000003000000000300000000030000000003000000000300000000030000000003000000000300000000030000000003000004
10-27-2016 00:00:39.649,376,SENT,7E0016111F0013A20040F4B037FFFE00000032000000001F4B66
10-27-2016 00:00:39.659,377,RECV,7E00078B1F000000230032
10-27-2016 00:00:39.779,378,RECV,7E0030910013A20040F4B0370000000080320000011F00504B05000003000000000300000000030000000003000000000300001D
10-27-2016 00:00:39.779,379,RECV,7E00078B1F000000230032
10-27-2016 00:00:39.813,380,SENT,7E001611200013A20040F4B037FFFE00000031000000002000B0
10-27-2016 00:00:39.939,381,RECV,7E002D910013A20040F4B0370000000080310000012000010001D525EFC0BCBE961AB16230A3C9435000D942120001FF88
10-27-2016 00:00:39.939,382,RECV,7E00078B20000000230031
10-27-2016 00:00:45.871,383,SENT,7E001611210013A20040F4B037FFFE00000032000000002100AD
10-27-2016 00:00:46.039,384,RECV,7E0062910013A20040F4B037000000008032000001210050000F0000030000000003000000000300000000030000000003000000000300000000030000000003000000000300000000030000000003000000000300000000030000000003000000000300003E
10-27-2016 00:00:46.039,385,RECV,7E00078B21000000230030
10-27-2016 00:00:46.039,386,SENT,7E001611210013A20040F4B037FFFE0000003200000000210F9E
10-27-2016 00:00:46.199,387,RECV,7E0062910013A20040F4B0370000000080320000012100500F0F0000030000000003000000000300000000030000000003000000000300000000030000000003000000000300000000030000000003000000000300000000030000000003000000000300002F
10-27-2016 00:00:46.199,388,SENT,7E001611210013A20040F4B037FFFE0000003200000000211E8F
10-27-2016 00:00:46.209,389,RECV,7E00078B21000000230030
10-27-2016 00:00:46.379,390,RECV,7E0062910013A20040F4B0370000000080320000012100501E0F00000300000000030000000003000000000300000000030000000003000000000300000000030000000003000000000300000000030000000003000000000300000000030000000003000020
10-27-2016 00:00:46.380,391,RECV,7E00078B21000000230030
10-27-2016 00:00:46.380,392,SENT,7E001611210013A20040F4B037FFFE0000003200000000212D80
10-27-2016 00:00:46.549,393,RECV,7E0062910013A20040F4B0370000000080320000012100502D0F00000300000000030000000003000000000300000000030000000003000000000300000000030000000003000000000300000000030000000003000000000300000000030000000003000011
10-27-2016 00:00:46.549,394,RECV,7E00078B21000000230030
10-27-2016 00:00:46.549,395,SENT,7E001611210013A20040F4B037FFFE0000003200000000213C71
10-27-2016 00:00:46.729,396,RECV,7E0062910013A20040F4B0370000000080320000012100503C0F00000300000000030000000003000000000300000000030000000003000000000300000000030000000003000000000300000000030000000003000000000300000000030000000003000002
10-27-2016 00:00:46.736,397,RECV,7E00078B21000000230030
10-27-2016 00:00:46.736,398,SENT,7E001611210013A20040F4B037FFFE0000003200000000214B62
10-27-2016 00:00:46.829,399,RECV,7E0030910013A20040F4B0370000000080320000012100504B05000003000000000300000000030000000003000000000300001B
10-27-2016 00:00:46.849,400,RECV,7E00078B21000000230030
10-27-2016 00:00:46.872,401,SENT,7E001611220013A20040F4B037FFFE00000031000000002200AC
10-27-2016 00:00:47.008,402,RECV,7E002D910013A20040F4B0370000000080310000012200010001D525EFC0BCBE961AB16230A3C9435000D942120001FF86
10-27-2016 00:00:47.008,403,RECV,7E00078B2200000023002F
10-27-2016 00:00:51.140,404,SENT,7E000508A3414F00C4
10-27-2016 00:00:51.179,405,RECV,7E000588A3414F0044
10-27-2016 00:01:05.988,406,SENT,7E000F17A4005043C9A33062B1FFFE02523F72
10-27-2016 00:01:10.988,407,SENT,7E000F17A5005043C9A33062B1FFFE0225439A
10-27-2016 00:01:14.239,408,RECV,7E000F97A4005043C9A33062B1FFFE523F04F0
10-27-2016 00:01:15.988,409,SENT,7E000F17A6005043C9A33062B1FFFE024D595B
10-27-2016 00:01:22.479,410,RECV,7E000F97A5005043C9A33062B1FFFE25430418
10-27-2016 00:01:30.679,411,RECV,7E000F97A6005043C9A33062B1FFFE4D5904D9
