started at  Thursday, November, 03 at 22:33:11
Wait while I locate the device
Broadcasting route record request 
Cluster ID: 0x8032 profile id: '\x00\x00' Route Record Response
sending 'configure reporting'
Enter a number from 0 through 8 to send a command
Cluster ID: 0x6 profile id: '\x01\x04' Cluster command failed
Cluster ID: 0x13 profile id: '\x00\x00' Device Announce Message
sending 'configure reporting'
Cluster ID: 0x13 profile id: '\x00\x00' Device Announce Message
sending 'configure reporting'
Cluster ID: 0x6 profile id: '\x01\x04' Cluster command failed
Cluster ID: 0x8038 profile id: '\x00\x00' Management Network Update Request
Cluster ID: 0x13 profile id: '\x00\x00' Device Announce Message
sending 'configure reporting'
Cluster ID: 0x13 profile id: '\x00\x00' Device Announce Message
sending 'configure reporting'
Cluster ID: 0x6 profile id: '\x01\x04' Cluster command failed
Cluster ID: 0x13 profile id: '\x00\x00' Device Announce Message
sending 'configure reporting'
Cluster ID: 0x6 profile id: '\x01\x04' Cluster command failed
6
Get Report from Switch
Enter a number from 0 through 8 to send a command
Cluster ID: 0x8005 profile id: '\x00\x00' Active Endpoint Response
profile  :  00 00
source_addr  :  da 57
dest_endpoint  :  00
rf_data  :  57 80 da 05 00
source_endpoint  :  00
options  :  00
source_addr_long  :  00 50 43 c9 a3 30 62 b1
cluster  :  80 05
id  :  72 78 5f 65 78 70 6c 69 63 69 74 (rx_explicit)
Now trying simple descriptor request on endpoint 01
Cluster ID: 0x8004 profile id: '\x00\x00' simple descriptor response
    endpoint reported is: 01
    profile id:  0104
    device id: 0402
    device version: 00
    input cluster count: 05
        input cluster 0000
        input cluster 0003
        input cluster 0500
        input cluster 0001
        input cluster 0009
    output cluster count: 01
        output cluster 0019
added special cluster
Completed Cluster List
['\x00\x00', '\x00\x03', '\x05\x00', '\x00\x01', '\x00\t', '\x00\x19', '\x0b\x04']
Sending Discover Attributes, Cluster: '\x00\x00'
Sending Discover Attributes, Cluster: '\x00\x03'
Sending Discover Attributes, Cluster: '\x05\x00'
Sending Discover Attributes, Cluster: '\x00\x01'
Sending Discover Attributes, Cluster: '\x00\t'
Sending Discover Attributes, Cluster: '\x00\x19'
Sending Discover Attributes, Cluster: '\x0b\x04'
Cluster ID: 0x0 profile id: '\x01\x04' Cluster command failed
Cluster ID: 0x3 profile id: '\x01\x04' Cluster command failed
Cluster ID: 0x500 profile id: '\x01\x04' Cluster command failed
Cluster ID: 0x1 profile id: '\x01\x04' Cluster command failed
Cluster ID: 0x9 profile id: '\x01\x04' Cluster command failed
Cluster ID: 0x19 profile id: '\x01\x04' Cluster command failed
Cluster ID: 0xb04 profile id: '\x01\x04' Cluster command failed
